#
# There is insufficient memory for the Java Runtime Environment to continue.
# Native memory allocation (mmap) failed to map 268435456 bytes for G1 virtual space
# Possible reasons:
#   The system is out of physical RAM or swap space
#   The process is running with CompressedOops enabled, and the Java Heap may be blocking the growth of the native heap
# Possible solutions:
#   Reduce memory load on the system
#   Increase physical memory or swap space
#   Check if swap backing store is full
#   Decrease Java heap size (-Xmx/-Xms)
#   Decrease number of Java threads
#   Decrease Java thread stack sizes (-Xss)
#   Set larger code cache with -XX:ReservedCodeCacheSize=
#   JVM is running with Zero Based Compressed Oops mode in which the Java heap is
#     placed in the first 32GB address space. The Java Heap base address is the
#     maximum limit for the native heap growth. Please use -XX:HeapBaseMinAddress
#     to set the Java Heap base and to place the Java Heap above 32GB virtual address.
# This output file may be truncated or incomplete.
#
#  Out of Memory Error (os_windows.cpp:3825), pid=46444, tid=43144
#
# JRE version:  (17.0.10) (build )
# Java VM: OpenJDK 64-Bit Server VM (17.0.10+0--11609105, mixed mode, sharing, tiered, compressed oops, compressed class ptrs, g1 gc, windows-amd64)
# No core dump will be written. Minidumps are not enabled by default on client versions of Windows
#

---------------  S U M M A R Y ------------

Command Line: git4idea.http.GitAskPassApp Username for 'https://github.com': 

Host: Intel(R) Core(TM) i7-6700HQ CPU @ 2.60GHz, 8 cores, 15G,  Windows 10 , 64 bit Build 19041 (10.0.19041.5915)
Time: Sun Jun  8 20:17:46 2025 Hora de verano romance elapsed time: 0.018203 seconds (0d 0h 0m 0s)

---------------  T H R E A D  ---------------

Current thread (0x000001b7b7f730f0):  JavaThread "Unknown thread" [_thread_in_vm, id=43144, stack(0x000000225c500000,0x000000225c600000)]

Stack: [0x000000225c500000,0x000000225c600000]
Native frames: (J=compiled Java code, j=interpreted, Vv=VM code, C=native code)
V  [jvm.dll+0x688de9]
V  [jvm.dll+0x8423da]
V  [jvm.dll+0x84401e]
V  [jvm.dll+0x844683]
V  [jvm.dll+0x24be0f]
V  [jvm.dll+0x685bb9]
V  [jvm.dll+0x67a46a]
V  [jvm.dll+0x30cbab]
V  [jvm.dll+0x314056]
V  [jvm.dll+0x363dce]
V  [jvm.dll+0x363fff]
V  [jvm.dll+0x2e2978]
V  [jvm.dll+0x2e38e4]
V  [jvm.dll+0x812f71]
V  [jvm.dll+0x371c81]
V  [jvm.dll+0x7f1ac6]
V  [jvm.dll+0x3f58df]
V  [jvm.dll+0x3f7511]
C  [jli.dll+0x528f]
C  [ucrtbase.dll+0x21bb2]
C  [KERNEL32.DLL+0x17374]
C  [ntdll.dll+0x4cc91]


---------------  P R O C E S S  ---------------

Threads class SMR info:
_java_thread_list=0x00007ffdacc3ef58, length=0, elements={
}

Java Threads: ( => current thread )

Other Threads:
  0x000001b7b7fdce90 GCTaskThread "GC Thread#0" [stack: 0x000000225c600000,0x000000225c700000] [id=46084]
  0x000001b7b7feeb50 ConcurrentGCThread "G1 Main Marker" [stack: 0x000000225c700000,0x000000225c800000] [id=46808]
  0x000001b7b7fefc20 ConcurrentGCThread "G1 Conc#0" [stack: 0x000000225c800000,0x000000225c900000] [id=46212]

[error occurred during error reporting (printing all threads), id 0xc0000005, EXCEPTION_ACCESS_VIOLATION (0xc0000005) at pc=0x00007ffdac3f3547]

VM state: not at safepoint (not fully initialized)

VM Mutex/Monitor currently owned by a thread:  ([mutex/lock_event])
[0x000001b7b7f6ef60] Heap_lock - owner thread: 0x000001b7b7f730f0

Heap address: 0x0000000701a00000, size: 4070 MB, Compressed Oops mode: Zero based, Oop shift amount: 3

CDS archive(s) mapped at: [0x0000000000000000-0x0000000000000000-0x0000000000000000), size 0, SharedBaseAddress: 0x0000000800000000, ArchiveRelocationMode: 1.
Narrow klass base: 0x0000000000000000, Narrow klass shift: 0, Narrow klass range: 0x0

GC Precious Log:
<Empty>

Heap:
 garbage-first heap   total 0K, used 0K [0x0000000701a00000, 0x0000000800000000)
  region size 2048K, 0 young (0K), 0 survivors (0K)
 Metaspace       used 0K, committed 0K, reserved 0K
  class space    used 0K, committed 0K, reserved 0K

Heap Regions: E=young(eden), S=young(survivor), O=old, HS=humongous(starts), HC=humongous(continues), CS=collection set, F=free, OA=open archive, CA=closed archive, TAMS=top-at-mark-start (previous, next)

Card table byte_map: [0x000001b7cce60000,0x000001b7cd660000] _byte_map_base: 0x000001b7c9653000

Marking Bits (Prev, Next): (CMBitMap*) 0x000001b7b7fde3d0, (CMBitMap*) 0x000001b7b7fde410
 Prev Bits: [0x000001b7cde60000, 0x000001b7d1df8000)
 Next Bits: [0x000001b7d1e00000, 0x000001b7d5d98000)

GC Heap History (0 events):
No events

Dll operation events (1 events):
Event: 0.012 Loaded shared library C:\Program Files\Android\Android Studio1\jbr\bin\java.dll

Deoptimization events (0 events):
No events

Classes unloaded (0 events):
No events

Classes redefined (0 events):
No events

Internal exceptions (0 events):
No events

VM Operations (0 events):
No events

Events (0 events):
No events


Dynamic libraries:
0x00007ff62b3b0000 - 0x00007ff62b3ba000 	C:\Program Files\Android\Android Studio1\jbr\bin\java.exe
0x00007ffe08ab0000 - 0x00007ffe08ca8000 	C:\WINDOWS\SYSTEM32\ntdll.dll
0x00007ffe07690000 - 0x00007ffe07752000 	C:\WINDOWS\System32\KERNEL32.DLL
0x00007ffe06700000 - 0x00007ffe069f6000 	C:\WINDOWS\System32\KERNELBASE.dll
0x00007ffe06550000 - 0x00007ffe06650000 	C:\WINDOWS\System32\ucrtbase.dll
0x00007ffde9210000 - 0x00007ffde9227000 	C:\Program Files\Android\Android Studio1\jbr\bin\jli.dll
0x00007ffe08700000 - 0x00007ffe0889d000 	C:\WINDOWS\System32\USER32.dll
0x00007ffe06a00000 - 0x00007ffe06a22000 	C:\WINDOWS\System32\win32u.dll
0x00007ffdf2330000 - 0x00007ffdf25ca000 	C:\WINDOWS\WinSxS\amd64_microsoft.windows.common-controls_6595b64144ccf1df_6.0.19041.5915_none_60b4b9d171f9c7c7\COMCTL32.dll
0x00007ffe07a60000 - 0x00007ffe07a8b000 	C:\WINDOWS\System32\GDI32.dll
0x00007ffe07890000 - 0x00007ffe0792e000 	C:\WINDOWS\System32\msvcrt.dll
0x00007ffdfc910000 - 0x00007ffdfc92b000 	C:\Program Files\Android\Android Studio1\jbr\bin\VCRUNTIME140.dll
0x00007ffe062d0000 - 0x00007ffe063e9000 	C:\WINDOWS\System32\gdi32full.dll
0x00007ffe06a30000 - 0x00007ffe06acd000 	C:\WINDOWS\System32\msvcp_win.dll
0x00007ffe08290000 - 0x00007ffe082bf000 	C:\WINDOWS\System32\IMM32.DLL
0x00007ffdef3a0000 - 0x00007ffdef3ac000 	C:\Program Files\Android\Android Studio1\jbr\bin\vcruntime140_1.dll
0x00007ffdc62f0000 - 0x00007ffdc637d000 	C:\Program Files\Android\Android Studio1\jbr\bin\msvcp140.dll
0x00007ffdac100000 - 0x00007ffdacd83000 	C:\Program Files\Android\Android Studio1\jbr\bin\server\jvm.dll
0x00007ffe06f40000 - 0x00007ffe06ff1000 	C:\WINDOWS\System32\ADVAPI32.dll
0x00007ffe075e0000 - 0x00007ffe0767f000 	C:\WINDOWS\System32\sechost.dll
0x00007ffe07760000 - 0x00007ffe07883000 	C:\WINDOWS\System32\RPCRT4.dll
0x00007ffe06210000 - 0x00007ffe06237000 	C:\WINDOWS\System32\bcrypt.dll
0x00007ffdee990000 - 0x00007ffdee999000 	C:\WINDOWS\SYSTEM32\WSOCK32.dll
0x00007ffe05650000 - 0x00007ffe0569b000 	C:\WINDOWS\SYSTEM32\POWRPROF.dll
0x00007ffdfdb90000 - 0x00007ffdfdb9a000 	C:\WINDOWS\SYSTEM32\VERSION.dll
0x00007ffe07210000 - 0x00007ffe0727b000 	C:\WINDOWS\System32\WS2_32.dll
0x00007ffdf4e70000 - 0x00007ffdf4e97000 	C:\WINDOWS\SYSTEM32\WINMM.dll
0x00007ffe05510000 - 0x00007ffe05522000 	C:\WINDOWS\SYSTEM32\UMPDC.dll
0x00007ffe04900000 - 0x00007ffe04912000 	C:\WINDOWS\SYSTEM32\kernel.appcore.dll
0x00007ffe010d0000 - 0x00007ffe010da000 	C:\Program Files\Android\Android Studio1\jbr\bin\jimage.dll
0x00007ffe03df0000 - 0x00007ffe03ff1000 	C:\WINDOWS\SYSTEM32\DBGHELP.DLL
0x00007ffde6bc0000 - 0x00007ffde6bf4000 	C:\WINDOWS\SYSTEM32\dbgcore.DLL
0x00007ffe06240000 - 0x00007ffe062c2000 	C:\WINDOWS\System32\bcryptPrimitives.dll
0x00007ffdec2a0000 - 0x00007ffdec2c5000 	C:\Program Files\Android\Android Studio1\jbr\bin\java.dll

dbghelp: loaded successfully - version: 4.0.5 - missing functions: none
symbol engine: initialized successfully - sym options: 0x614 - pdb path: .;C:\Program Files\Android\Android Studio1\jbr\bin;C:\WINDOWS\SYSTEM32;C:\WINDOWS\WinSxS\amd64_microsoft.windows.common-controls_6595b64144ccf1df_6.0.19041.5915_none_60b4b9d171f9c7c7;C:\Program Files\Android\Android Studio1\jbr\bin\server

VM Arguments:
java_command: git4idea.http.GitAskPassApp Username for 'https://github.com': 
java_class_path (initial): C:/Program Files/Android/Android Studio1/plugins/vcs-git/lib/git4idea-rt.jar;C:/Program Files/Android/Android Studio1/lib/externalProcess-rt.jar
Launcher Type: SUN_STANDARD

[Global flags]
     intx CICompilerCount                          = 4                                         {product} {ergonomic}
     uint ConcGCThreads                            = 2                                         {product} {ergonomic}
     uint G1ConcRefinementThreads                  = 8                                         {product} {ergonomic}
   size_t G1HeapRegionSize                         = 2097152                                   {product} {ergonomic}
    uintx GCDrainStackTargetSize                   = 64                                        {product} {ergonomic}
   size_t InitialHeapSize                          = 268435456                                 {product} {ergonomic}
   size_t MarkStackSize                            = 4194304                                   {product} {ergonomic}
   size_t MaxHeapSize                              = 4267704320                                {product} {ergonomic}
   size_t MinHeapDeltaBytes                        = 2097152                                   {product} {ergonomic}
   size_t MinHeapSize                              = 8388608                                   {product} {ergonomic}
    uintx NonNMethodCodeHeapSize                   = 5839372                                {pd product} {ergonomic}
    uintx NonProfiledCodeHeapSize                  = 122909434                              {pd product} {ergonomic}
    uintx ProfiledCodeHeapSize                     = 122909434                              {pd product} {ergonomic}
    uintx ReservedCodeCacheSize                    = 251658240                              {pd product} {ergonomic}
     bool SegmentedCodeCache                       = true                                      {product} {ergonomic}
   size_t SoftMaxHeapSize                          = 4267704320                             {manageable} {ergonomic}
     bool UseCompressedClassPointers               = true                           {product lp64_product} {ergonomic}
     bool UseCompressedOops                        = true                           {product lp64_product} {ergonomic}
     bool UseG1GC                                  = true                                      {product} {ergonomic}
     bool UseLargePagesIndividualAllocation        = false                                  {pd product} {ergonomic}

Logging:
Log output configuration:
 #0: stdout all=warning uptime,level,tags
 #1: stderr all=off uptime,level,tags

Environment Variables:
JAVA_HOME=C:\Program Files\Java\jdk-11.0.13
CLASSPATH=C:\Program Files\Java\jdk-11.0.13;.;..\.
PATH=C:/Program Files/Git/mingw64/libexec/git-core;C:/Program Files/Git/mingw64/libexec/git-core;C:\Program Files\Git\mingw64\bin;C:\Program Files\Git\usr\bin;C:\Users\Usuario\bin;C:\Program Files\Microsoft\jdk-17.0.12.7-hotspot\bin;C:\Program Files\Common Files\Oracle\Java\javapath;C:\ProgramData\Oracle\Java\javapath;C:\Program Files (x86)\Intel\iCLS Client\;C:\Program Files\Intel\iCLS Client\;C:\windows\system32;C:\windows;C:\windows\System32\Wbem;C:\windows\System32\WindowsPowerShell\v1.0\;C:\Program Files (x86)\Intel\Intel(R) Management Engine Components\DAL;C:\Program Files\Intel\Intel(R) Management Engine Components\DAL;C:\Program Files (x86)\Intel\Intel(R) Management Engine Components\IPT;C:\Program Files\Intel\Intel(R) Management Engine Components\IPT;C:\Program Files (x86)\NVIDIA Corporation\PhysX\Common;C:\WINDOWS\system32;C:\WINDOWS;C:\WINDOWS\System32\Wbem;C:\WINDOWS\System32\WindowsPowerShell\v1.0\;C:\WINDOWS\System32\OpenSSH\;C:\Program Files (x86)\PuTTY\;C:\Program Files\PuTTY\;C:\Program Files\dotnet\;C:\Program Files\Intel\WiFi\bin\;C:\Program Files\Common Files\Intel\WirelessCommon\;C:\ProgramData\chocolatey\bin;C:\wamp64\bin\php\php5.6.40;C:\Program Files\Microsoft SQL Server\130\Tools\Binn\;C:\Program Files\Microsoft SQL Server\Client SDK\ODBC\170\Tools\Binn\;C:\Program Files\Java\jdk1.8.0_111\bin;D:\apache-maven-3.6.3\bin;C:\Program Files\NVIDIA Corporation\NVIDIA NvDLISR;C:\Program Files\Go\bin;D:\ProgramFiles\Symfony;C:\Program Files (x86)\MySQL\MySQL Server 5.0\bin;C:\Program Files\Microsoft SQL Server\150\Tools\Binn\;C:\xampp\php;C:\Users\Usuario\AppData\Local\Programs\Python\Python310;C:\Users\Usuario\AppData\Local\Programs\Python\Python310\Scripts;C:\composer;C:\Program Files\nodejs\;C:\Program Files\Git\cmd;C:\Program Files (x86)\Gpg4win\..\GnuPG\bin;C:\Program Files\Tailscale\;C:\Program Files\Docker\Docker\resources\bin;C:\Users\Usuario\scoop\shims;C:\tizen-studio\tools\ide\bin;C:\Program Files\Java\jdk-12\bin;C:\Users\Usuario\AppData\Loca
USERNAME=Usuario
DISPLAY=:0.0
LC_ALL=en_US.UTF-8
TERM=xterm-256color
TMPDIR=C:\Users\Usuario\AppData\Local\Temp
OS=Windows_NT
PROCESSOR_IDENTIFIER=Intel64 Family 6 Model 94 Stepping 3, GenuineIntel
TMP=C:\Users\Usuario\AppData\Local\Temp
TEMP=C:\Users\Usuario\AppData\Local\Temp



Periodic native trim disabled

JNI global refs:
JNI global refs: 0, weak refs: 0

JNI global refs memory usage: 0, weak refs: 0

OOME stack traces (most recent first):
Classloader memory used:


---------------  S Y S T E M  ---------------

OS:
 Windows 10 , 64 bit Build 19041 (10.0.19041.5915)
OS uptime: 2 days 3:51 hours
Hyper-V role detected

CPU: total 8 (initial active 8) (4 cores per cpu, 2 threads per core) family 6 model 94 stepping 3 microcode 0xcc, cx8, cmov, fxsr, ht, mmx, 3dnowpref, sse, sse2, sse3, ssse3, sse4.1, sse4.2, popcnt, lzcnt, tsc, tscinvbit, avx, avx2, aes, erms, clmul, bmi1, bmi2, rtm, adx, fma, vzeroupper, clflush, clflushopt, hv
Processor Information for all 8 processors :
  Max Mhz: 2592, Current Mhz: 2592, Mhz Limit: 2592

Memory: 4k page, system-wide physical 16273M (1806M free)
TotalPageFile size 16273M (AvailPageFile size 154M)
current process WorkingSet (physical memory assigned to process): 10M, peak: 10M
current process commit charge ("private bytes"): 60M, peak: 316M

vm_info: OpenJDK 64-Bit Server VM (17.0.10+0--11609105) for windows-amd64 JRE (17.0.10+0--11609105), built on Mar 21 2024 19:10:56 by "androidbuild" with MS VC++ 16.10 / 16.11 (VS2019)

END.
